[  0%] Built target visualization_msgs_generate_messages_nodejs
[  0%] Built target dynamic_reconfigure_gencfg
[  0%] Built target dynamic_reconfigure_generate_messages_cpp
[  0%] Built target legged_wbc_generate_messages_cpp
[  0%] Built target geometry_msgs_generate_messages_eus
[  0%] Built target tf_generate_messages_nodejs
[  0%] Built target visualization_msgs_generate_messages_py
[  0%] Built target rosgraph_msgs_generate_messages_nodejs
[  0%] Built target tf2_msgs_generate_messages_cpp
[  0%] Built target legged_wbc_generate_messages_eus
[  0%] Built target legged_wbc_generate_messages_py
[  0%] Built target std_msgs_generate_messages_nodejs
[  0%] Built target dynamic_reconfigure_generate_messages_lisp
[  0%] Built target std_msgs_generate_messages_py
[  0%] Built target std_msgs_generate_messages_cpp
[  0%] Built target actionlib_generate_messages_cpp
[  0%] Built target roscpp_generate_messages_lisp
[ 16%] Built target actionlib_msgs_generate_messages_py
[ 33%] Built target legged_wbc_generate_messages_lisp
[ 50%] Built target legged_controllers
[ 50%] Built target actionlib_generate_messages_lisp
[ 50%] Built target std_msgs_generate_messages_lisp
[ 50%] Built target tf_generate_messages_eus
[ 50%] Built target rosgraph_msgs_generate_messages_lisp
[ 50%] Built target actionlib_msgs_generate_messages_eus
[ 50%] Built target roscpp_generate_messages_py
[ 50%] Built target dynamic_reconfigure_generate_messages_py
[ 50%] Built target roscpp_generate_messages_cpp
[ 50%] Built target roscpp_generate_messages_eus
[ 50%] Built target rosgraph_msgs_generate_messages_py
[ 50%] Built target dynamic_reconfigure_generate_messages_eus
[ 50%] Built target visualization_msgs_generate_messages_lisp
[ 50%] Built target geometry_msgs_generate_messages_nodejs
[ 50%] Built target geometry_msgs_generate_messages_cpp
[ 50%] Built target legged_wbc_generate_messages_nodejs
[ 50%] Built target tf2_msgs_generate_messages_py
[ 50%] Built target visualization_msgs_generate_messages_eus
[ 50%] Built target dynamic_reconfigure_generate_messages_nodejs
[ 50%] Built target tf_generate_messages_cpp
[ 50%] Built target rosgraph_msgs_generate_messages_eus
[ 50%] Built target geometry_msgs_generate_messages_py
[ 50%] Built target geometry_msgs_generate_messages_lisp
[ 50%] Built target roscpp_generate_messages_nodejs
[ 50%] Built target sensor_msgs_generate_messages_py
[ 50%] Built target sensor_msgs_generate_messages_cpp
[ 50%] Built target tf_generate_messages_lisp
[ 50%] Built target tf2_msgs_generate_messages_eus
[ 50%] Built target ocs2_msgs_generate_messages_py
[ 50%] Built target rosgraph_msgs_generate_messages_cpp
[ 50%] Built target actionlib_generate_messages_eus
[ 50%] Built target actionlib_msgs_generate_messages_cpp
[ 50%] Built target sensor_msgs_generate_messages_eus
[ 50%] Built target sensor_msgs_generate_messages_nodejs
[ 50%] Built target sensor_msgs_generate_messages_lisp
[ 50%] Built target visualization_msgs_generate_messages_cpp
[ 50%] Built target actionlib_generate_messages_nodejs
[ 50%] Built target std_msgs_generate_messages_eus
[ 50%] Built target actionlib_msgs_generate_messages_nodejs
[ 50%] Built target tf_generate_messages_py
[ 50%] Built target actionlib_msgs_generate_messages_lisp
[ 50%] Built target tf2_msgs_generate_messages_lisp
[ 50%] Built target actionlib_generate_messages_py
[ 50%] Built target tf2_msgs_generate_messages_nodejs
[ 50%] Built target ocs2_msgs_generate_messages_lisp
[ 50%] Built target ocs2_msgs_generate_messages_cpp
[ 50%] Built target ocs2_msgs_generate_messages_nodejs
[ 50%] Built target ocs2_msgs_generate_messages_eus
[ 66%] Built target legged_controllers_gencfg
[100%] Built target legged_target_trajectories_publisher
