[  0%] Built target visualization_msgs_generate_messages_nodejs
[  0%] Built target visualization_msgs_generate_messages_py
[  0%] Built target geometry_msgs_generate_messages_eus
[35m[1mScanning dependencies of target legged_interface[0m
[  0%] Built target std_msgs_generate_messages_nodejs
[  0%] Built target tf_generate_messages_nodejs
[  0%] Built target std_msgs_generate_messages_py
[  0%] Built target std_msgs_generate_messages_cpp
[  0%] Built target rosgraph_msgs_generate_messages_nodejs
[  0%] Built target tf2_msgs_generate_messages_cpp
[  0%] Built target actionlib_generate_messages_cpp
[  0%] Built target actionlib_msgs_generate_messages_py
[  0%] Built target roscpp_generate_messages_lisp
[  0%] Built target actionlib_generate_messages_lisp
[  0%] Built target std_msgs_generate_messages_lisp
[  0%] Built target tf_generate_messages_eus
[  0%] Built target rosgraph_msgs_generate_messages_lisp
[  0%] Built target actionlib_msgs_generate_messages_eus
[  0%] Built target rosgraph_msgs_generate_messages_py
[  0%] Built target roscpp_generate_messages_cpp
[  0%] Built target roscpp_generate_messages_py
[  0%] Built target roscpp_generate_messages_eus
[  0%] Built target visualization_msgs_generate_messages_lisp
[  0%] Built target geometry_msgs_generate_messages_nodejs
[  0%] Built target geometry_msgs_generate_messages_cpp
[  0%] Built target tf2_msgs_generate_messages_py
[  0%] Built target visualization_msgs_generate_messages_eus
[  0%] Built target tf_generate_messages_lisp
[  0%] Built target tf_generate_messages_cpp
[  0%] Built target geometry_msgs_generate_messages_lisp
[  0%] Built target roscpp_generate_messages_nodejs
[  0%] Built target rosgraph_msgs_generate_messages_eus
[  0%] Built target geometry_msgs_generate_messages_py
[  0%] Built target tf2_msgs_generate_messages_eus
[  0%] Built target sensor_msgs_generate_messages_py
[  0%] Built target ocs2_msgs_generate_messages_py
[  0%] Built target sensor_msgs_generate_messages_cpp
[  0%] Built target sensor_msgs_generate_messages_nodejs
[  0%] Built target actionlib_generate_messages_eus
[  0%] Built target actionlib_msgs_generate_messages_cpp
[  0%] Built target rosgraph_msgs_generate_messages_cpp
[  0%] Built target sensor_msgs_generate_messages_eus
[  0%] Built target sensor_msgs_generate_messages_lisp
[  0%] Built target visualization_msgs_generate_messages_cpp
[  0%] Built target actionlib_generate_messages_nodejs
[  0%] Built target tf_generate_messages_py
[  0%] Built target actionlib_msgs_generate_messages_nodejs
[  0%] Built target actionlib_msgs_generate_messages_lisp
[  0%] Built target tf2_msgs_generate_messages_lisp
[  0%] Built target std_msgs_generate_messages_eus
[  0%] Built target tf2_msgs_generate_messages_nodejs
[  0%] Built target actionlib_generate_messages_py
[  0%] Built target ocs2_msgs_generate_messages_cpp
[  0%] Built target ocs2_msgs_generate_messages_eus
[  0%] Built target ocs2_msgs_generate_messages_nodejs
[  0%] Built target ocs2_msgs_generate_messages_lisp
[  3%] [32mBuilding CXX object CMakeFiles/legged_interface.dir/src/LeggedInterface.cpp.o[0m
[  7%] [32m[1mLinking CXX shared library /media/keaton/KEATON/11_Design/jet-hr2/catkin_ws/devel/.private/legged_interface/lib/liblegged_interface.so[0m
[ 85%] Built target legged_interface
[35m[1mScanning dependencies of target legged_robot_dummy[0m
[35m[1mScanning dependencies of target legged_robot_sqp_mpc[0m
[ 89%] [32mBuilding CXX object CMakeFiles/legged_robot_sqp_mpc.dir/src/test/LeggedRobotSqpMpcNode.cpp.o[0m
[ 92%] [32mBuilding CXX object CMakeFiles/legged_robot_dummy.dir/src/test/LeggedRobotDummyNode.cpp.o[0m
[ 96%] [32m[1mLinking CXX executable /media/keaton/KEATON/11_Design/jet-hr2/catkin_ws/devel/.private/legged_interface/lib/legged_interface/legged_robot_sqp_mpc[0m
[ 96%] Built target legged_robot_sqp_mpc
[100%] [32m[1mLinking CXX executable /media/keaton/KEATON/11_Design/jet-hr2/catkin_ws/devel/.private/legged_interface/lib/legged_interface/legged_robot_dummy[0m
[100%] Built target legged_robot_dummy
