[  0%] Built target visualization_msgs_generate_messages_nodejs
[  0%] Built target visualization_msgs_generate_messages_py
[  0%] Built target geometry_msgs_generate_messages_eus
[  0%] Built target std_msgs_generate_messages_nodejs
[  0%] Built target tf_generate_messages_nodejs
[  0%] Built target std_msgs_generate_messages_py
[  0%] Built target std_msgs_generate_messages_cpp
[  0%] Built target tf2_msgs_generate_messages_cpp
[  0%] Built target rosgraph_msgs_generate_messages_nodejs
[  0%] Built target actionlib_generate_messages_cpp
[  0%] Built target actionlib_msgs_generate_messages_py
[ 35%] Built target actionlib_generate_messages_lisp
[ 39%] Built target roscpp_generate_messages_lisp
[ 85%] Built target legged_interface
[ 85%] Built target std_msgs_generate_messages_lisp
[ 85%] Built target tf_generate_messages_eus
[ 85%] Built target rosgraph_msgs_generate_messages_lisp
[ 85%] Built target actionlib_msgs_generate_messages_eus
[ 85%] Built target rosgraph_msgs_generate_messages_py
[ 85%] Built target roscpp_generate_messages_cpp
[ 85%] Built target roscpp_generate_messages_py
[ 85%] Built target roscpp_generate_messages_eus
[ 85%] Built target visualization_msgs_generate_messages_lisp
[ 85%] Built target geometry_msgs_generate_messages_cpp
[ 85%] Built target geometry_msgs_generate_messages_nodejs
[ 85%] Built target tf2_msgs_generate_messages_py
[ 85%] Built target visualization_msgs_generate_messages_eus
[ 85%] Built target tf_generate_messages_lisp
[ 85%] Built target geometry_msgs_generate_messages_lisp
[ 85%] Built target tf_generate_messages_cpp
[ 85%] Built target roscpp_generate_messages_nodejs
[ 85%] Built target rosgraph_msgs_generate_messages_eus
[ 85%] Built target geometry_msgs_generate_messages_py
[ 85%] Built target tf2_msgs_generate_messages_eus
[ 85%] Built target sensor_msgs_generate_messages_py
[ 85%] Built target sensor_msgs_generate_messages_cpp
[ 85%] Built target ocs2_msgs_generate_messages_py
[ 85%] Built target sensor_msgs_generate_messages_nodejs
[ 85%] Built target rosgraph_msgs_generate_messages_cpp
[ 85%] Built target actionlib_msgs_generate_messages_cpp
[ 85%] Built target actionlib_generate_messages_eus
[ 85%] Built target sensor_msgs_generate_messages_eus
[ 85%] Built target visualization_msgs_generate_messages_cpp
[ 85%] Built target sensor_msgs_generate_messages_lisp
[ 85%] Built target actionlib_generate_messages_nodejs
[ 85%] Built target tf_generate_messages_py
[ 85%] Built target std_msgs_generate_messages_eus
[ 85%] Built target actionlib_msgs_generate_messages_nodejs
[ 85%] Built target actionlib_msgs_generate_messages_lisp
[ 85%] Built target tf2_msgs_generate_messages_nodejs
[ 85%] Built target tf2_msgs_generate_messages_lisp
[ 85%] Built target actionlib_generate_messages_py
[ 85%] Built target ocs2_msgs_generate_messages_lisp
[ 85%] Built target ocs2_msgs_generate_messages_cpp
[ 85%] Built target ocs2_msgs_generate_messages_eus
[ 85%] Built target ocs2_msgs_generate_messages_nodejs
[ 92%] Built target legged_robot_dummy
[100%] Built target legged_robot_sqp_mpc
