[33m[1mCMake Warning[0m at /media/keaton/KEATON/11_Design/jet-hr2/catkin_ws/src/legged_wbc/CMakeLists.txt:60 (add_library):
  Cannot generate a safe runtime search path for target legged_wbc because
  files in some directories may conflict with libraries in implicit
  directories:

    runtime library [libboost_program_options.so.1.71.0] in /usr/lib/x86_64-linux-gnu may be hidden by files in:
      /usr/local/lib
    runtime library [libboost_log_setup.so.1.71.0] in /usr/lib/x86_64-linux-gnu may be hidden by files in:
      /usr/local/lib
    runtime library [libboost_log.so.1.71.0] in /usr/lib/x86_64-linux-gnu may be hidden by files in:
      /usr/local/lib
    runtime library [libboost_chrono.so.1.71.0] in /usr/lib/x86_64-linux-gnu may be hidden by files in:
      /usr/local/lib
    runtime library [libboost_filesystem.so.1.71.0] in /usr/lib/x86_64-linux-gnu may be hidden by files in:
      /usr/local/lib
    runtime library [libboost_regex.so.1.71.0] in /usr/lib/x86_64-linux-gnu may be hidden by files in:
      /usr/local/lib
    runtime library [libboost_date_time.so.1.71.0] in /usr/lib/x86_64-linux-gnu may be hidden by files in:
      /usr/local/lib
    runtime library [libboost_system.so.1.71.0] in /usr/lib/x86_64-linux-gnu may be hidden by files in:
      /usr/local/lib
    runtime library [libboost_thread.so.1.71.0] in /usr/lib/x86_64-linux-gnu may be hidden by files in:
      /usr/local/lib

  Some of these libraries may not be found correctly.


[33m[1mCMake Warning[0m at /opt/ros/noetic/share/catkin/cmake/test/gtest.cmake:180 (add_executable):
  Cannot generate a safe runtime search path for target legged_wbc_test
  because files in some directories may conflict with libraries in implicit
  directories:

    runtime library [libboost_program_options.so.1.71.0] in /usr/lib/x86_64-linux-gnu may be hidden by files in:
      /usr/local/lib
    runtime library [libboost_log_setup.so.1.71.0] in /usr/lib/x86_64-linux-gnu may be hidden by files in:
      /usr/local/lib
    runtime library [libboost_log.so.1.71.0] in /usr/lib/x86_64-linux-gnu may be hidden by files in:
      /usr/local/lib
    runtime library [libboost_chrono.so.1.71.0] in /usr/lib/x86_64-linux-gnu may be hidden by files in:
      /usr/local/lib
    runtime library [libboost_filesystem.so.1.71.0] in /usr/lib/x86_64-linux-gnu may be hidden by files in:
      /usr/local/lib
    runtime library [libboost_regex.so.1.71.0] in /usr/lib/x86_64-linux-gnu may be hidden by files in:
      /usr/local/lib
    runtime library [libboost_date_time.so.1.71.0] in /usr/lib/x86_64-linux-gnu may be hidden by files in:
      /usr/local/lib
    runtime library [libboost_system.so.1.71.0] in /usr/lib/x86_64-linux-gnu may be hidden by files in:
      /usr/local/lib
    runtime library [libboost_thread.so.1.71.0] in /usr/lib/x86_64-linux-gnu may be hidden by files in:
      /usr/local/lib

  Some of these libraries may not be found correctly.
[36mCall Stack (most recent call first):[0m
  /opt/ros/noetic/share/catkin/cmake/test/gtest.cmake:89 (_catkin_add_executable_with_google_test)
  /opt/ros/noetic/share/catkin/cmake/test/gtest.cmake:37 (_catkin_add_google_test)
  CMakeLists.txt:109 (catkin_add_gtest)


