Symlinking /media/keaton/KEATON/11_Design/jet-hr2/catkin_ws/devel/include/legged_wbc/nvector3f.h
Symlinking /media/keaton/KEATON/11_Design/jet-hr2/catkin_ws/devel/include/legged_wbc/vector3f.h
Symlinking /media/keaton/KEATON/11_Design/jet-hr2/catkin_ws/devel/lib/liblegged_wbc.so
Symlinking /media/keaton/KEATON/11_Design/jet-hr2/catkin_ws/devel/lib/pkgconfig/legged_wbc.pc
Symlinking /media/keaton/KEATON/11_Design/jet-hr2/catkin_ws/devel/lib/python3/dist-packages/legged_wbc/__init__.py
Symlinking /media/keaton/KEATON/11_Design/jet-hr2/catkin_ws/devel/lib/python3/dist-packages/legged_wbc/msg/_nvector3f.py
Symlinking /media/keaton/KEATON/11_Design/jet-hr2/catkin_ws/devel/lib/python3/dist-packages/legged_wbc/msg/_vector3f.py
Symlinking /media/keaton/KEATON/11_Design/jet-hr2/catkin_ws/devel/lib/python3/dist-packages/legged_wbc/msg/__init__.py
Symlinking /media/keaton/KEATON/11_Design/jet-hr2/catkin_ws/devel/share/common-lisp/ros/legged_wbc/msg/legged_wbc-msg.asd
Symlinking /media/keaton/KEATON/11_Design/jet-hr2/catkin_ws/devel/share/common-lisp/ros/legged_wbc/msg/nvector3f.lisp
Symlinking /media/keaton/KEATON/11_Design/jet-hr2/catkin_ws/devel/share/common-lisp/ros/legged_wbc/msg/vector3f.lisp
Symlinking /media/keaton/KEATON/11_Design/jet-hr2/catkin_ws/devel/share/common-lisp/ros/legged_wbc/msg/_package.lisp
Symlinking /media/keaton/KEATON/11_Design/jet-hr2/catkin_ws/devel/share/common-lisp/ros/legged_wbc/msg/_package_nvector3f.lisp
Symlinking /media/keaton/KEATON/11_Design/jet-hr2/catkin_ws/devel/share/common-lisp/ros/legged_wbc/msg/_package_vector3f.lisp
Symlinking /media/keaton/KEATON/11_Design/jet-hr2/catkin_ws/devel/share/gennodejs/ros/legged_wbc/_index.js
Symlinking /media/keaton/KEATON/11_Design/jet-hr2/catkin_ws/devel/share/gennodejs/ros/legged_wbc/msg/nvector3f.js
Symlinking /media/keaton/KEATON/11_Design/jet-hr2/catkin_ws/devel/share/gennodejs/ros/legged_wbc/msg/vector3f.js
Symlinking /media/keaton/KEATON/11_Design/jet-hr2/catkin_ws/devel/share/gennodejs/ros/legged_wbc/msg/_index.js
Symlinking /media/keaton/KEATON/11_Design/jet-hr2/catkin_ws/devel/share/legged_wbc/cmake/legged_wbc-msg-extras.cmake
Symlinking /media/keaton/KEATON/11_Design/jet-hr2/catkin_ws/devel/share/legged_wbc/cmake/legged_wbc-msg-paths.cmake
Symlinking /media/keaton/KEATON/11_Design/jet-hr2/catkin_ws/devel/share/legged_wbc/cmake/legged_wbcConfig-version.cmake
Symlinking /media/keaton/KEATON/11_Design/jet-hr2/catkin_ws/devel/share/legged_wbc/cmake/legged_wbcConfig.cmake
Symlinking /media/keaton/KEATON/11_Design/jet-hr2/catkin_ws/devel/share/roseus/ros/legged_wbc/manifest.l
Symlinking /media/keaton/KEATON/11_Design/jet-hr2/catkin_ws/devel/share/roseus/ros/legged_wbc/msg/nvector3f.l
Symlinking /media/keaton/KEATON/11_Design/jet-hr2/catkin_ws/devel/share/roseus/ros/legged_wbc/msg/vector3f.l
