[35m[1mScanning dependencies of target std_msgs_generate_messages_lisp[0m
[35m[1mScanning dependencies of target std_msgs_generate_messages_nodejs[0m
[35m[1mScanning dependencies of target legged_wbc[0m
[35m[1mScanning dependencies of target _legged_wbc_generate_messages_check_deps_vector3f[0m
[35m[1mScanning dependencies of target std_msgs_generate_messages_cpp[0m
[35m[1mScanning dependencies of target std_msgs_generate_messages_py[0m
[35m[1mScanning dependencies of target std_msgs_generate_messages_eus[0m
[35m[1mScanning dependencies of target _legged_wbc_generate_messages_check_deps_nvector3f[0m
[  0%] Built target std_msgs_generate_messages_nodejs
[  0%] Built target std_msgs_generate_messages_lisp
[  0%] Built target std_msgs_generate_messages_cpp
[  0%] Built target std_msgs_generate_messages_eus
[  0%] Built target std_msgs_generate_messages_py
[  0%] Built target _legged_wbc_generate_messages_check_deps_nvector3f
[  0%] Built target _legged_wbc_generate_messages_check_deps_vector3f
[35m[1mScanning dependencies of target legged_wbc_generate_messages_lisp[0m
[35m[1mScanning dependencies of target legged_wbc_generate_messages_eus[0m
[35m[1mScanning dependencies of target legged_wbc_generate_messages_py[0m
[35m[1mScanning dependencies of target legged_wbc_generate_messages_cpp[0m
[35m[1mScanning dependencies of target legged_wbc_generate_messages_nodejs[0m
[ 11%] [34m[1mGenerating C++ code from legged_wbc/vector3f.msg[0m
[ 11%] [34m[1mGenerating C++ code from legged_wbc/nvector3f.msg[0m
[ 17%] [34m[1mGenerating Lisp code from legged_wbc/vector3f.msg[0m
[ 29%] [34m[1mGenerating EusLisp code from legged_wbc/nvector3f.msg[0m
[ 29%] [34m[1mGenerating Lisp code from legged_wbc/nvector3f.msg[0m
[ 35%] [34m[1mGenerating EusLisp code from legged_wbc/vector3f.msg[0m
[ 58%] [34m[1mGenerating Python from MSG legged_wbc/nvector3f[0m
[ 58%] [34m[1mGenerating EusLisp manifest code for legged_wbc[0m
[ 58%] [34m[1mGenerating Javascript code from legged_wbc/vector3f.msg[0m
[ 58%] [34m[1mGenerating Python from MSG legged_wbc/vector3f[0m
[ 64%] [34m[1mGenerating Javascript code from legged_wbc/nvector3f.msg[0m
[ 64%] Built target legged_wbc_generate_messages_nodejs
[ 64%] Built target legged_wbc_generate_messages_lisp
[ 64%] Built target legged_wbc_generate_messages_cpp
[ 70%] [34m[1mGenerating Python msg __init__.py for legged_wbc[0m
[ 70%] Built target legged_wbc_generate_messages_py
[ 70%] Built target legged_wbc_generate_messages_eus
[35m[1mScanning dependencies of target legged_wbc_generate_messages[0m
[ 70%] Built target legged_wbc_generate_messages
[ 76%] [32mBuilding CXX object CMakeFiles/legged_wbc.dir/src/HoQp.cpp.o[0m
[ 88%] [32mBuilding CXX object CMakeFiles/legged_wbc.dir/src/HierarchicalWbc.cpp.o[0m
[ 88%] [32mBuilding CXX object CMakeFiles/legged_wbc.dir/src/WbcBase.cpp.o[0m
[ 94%] [32mBuilding CXX object CMakeFiles/legged_wbc.dir/src/WeightedWbc.cpp.o[0m
[100%] [32m[1mLinking CXX shared library /media/keaton/KEATON/11_Design/jet-hr2/catkin_ws/devel/.private/legged_wbc/lib/liblegged_wbc.so[0m
[100%] Built target legged_wbc
