Symlinking /media/keaton/KEATON/11_Design/jet-hr2/catkin_ws/devel/include/qpOASES.hpp
Symlinking /media/keaton/KEATON/11_Design/jet-hr2/catkin_ws/devel/include/qpOASES/Bounds.hpp
Symlinking /media/keaton/KEATON/11_Design/jet-hr2/catkin_ws/devel/include/qpOASES/Bounds.ipp
Symlinking /media/keaton/KEATON/11_Design/jet-hr2/catkin_ws/devel/include/qpOASES/Constants.hpp
Symlinking /media/keaton/KEATON/11_Design/jet-hr2/catkin_ws/devel/include/qpOASES/ConstraintProduct.hpp
Symlinking /media/keaton/KEATON/11_Design/jet-hr2/catkin_ws/devel/include/qpOASES/Constraints.hpp
Symlinking /media/keaton/KEATON/11_Design/jet-hr2/catkin_ws/devel/include/qpOASES/Constraints.ipp
Symlinking /media/keaton/KEATON/11_Design/jet-hr2/catkin_ws/devel/include/qpOASES/Flipper.hpp
Symlinking /media/keaton/KEATON/11_Design/jet-hr2/catkin_ws/devel/include/qpOASES/Indexlist.hpp
Symlinking /media/keaton/KEATON/11_Design/jet-hr2/catkin_ws/devel/include/qpOASES/Indexlist.ipp
Symlinking /media/keaton/KEATON/11_Design/jet-hr2/catkin_ws/devel/include/qpOASES/LapackBlasReplacement.hpp
Symlinking /media/keaton/KEATON/11_Design/jet-hr2/catkin_ws/devel/include/qpOASES/Matrices.hpp
Symlinking /media/keaton/KEATON/11_Design/jet-hr2/catkin_ws/devel/include/qpOASES/MessageHandling.hpp
Symlinking /media/keaton/KEATON/11_Design/jet-hr2/catkin_ws/devel/include/qpOASES/MessageHandling.ipp
Symlinking /media/keaton/KEATON/11_Design/jet-hr2/catkin_ws/devel/include/qpOASES/Options.hpp
Symlinking /media/keaton/KEATON/11_Design/jet-hr2/catkin_ws/devel/include/qpOASES/OQPinterface.hpp
Symlinking /media/keaton/KEATON/11_Design/jet-hr2/catkin_ws/devel/include/qpOASES/QProblem.hpp
Symlinking /media/keaton/KEATON/11_Design/jet-hr2/catkin_ws/devel/include/qpOASES/QProblem.ipp
Symlinking /media/keaton/KEATON/11_Design/jet-hr2/catkin_ws/devel/include/qpOASES/QProblemB.hpp
Symlinking /media/keaton/KEATON/11_Design/jet-hr2/catkin_ws/devel/include/qpOASES/QProblemB.ipp
Symlinking /media/keaton/KEATON/11_Design/jet-hr2/catkin_ws/devel/include/qpOASES/SolutionAnalysis.hpp
Symlinking /media/keaton/KEATON/11_Design/jet-hr2/catkin_ws/devel/include/qpOASES/SolutionAnalysis.ipp
Symlinking /media/keaton/KEATON/11_Design/jet-hr2/catkin_ws/devel/include/qpOASES/SparseSolver.hpp
Symlinking /media/keaton/KEATON/11_Design/jet-hr2/catkin_ws/devel/include/qpOASES/SQProblem.hpp
Symlinking /media/keaton/KEATON/11_Design/jet-hr2/catkin_ws/devel/include/qpOASES/SQProblem.ipp
Symlinking /media/keaton/KEATON/11_Design/jet-hr2/catkin_ws/devel/include/qpOASES/SQProblemSchur.hpp
Symlinking /media/keaton/KEATON/11_Design/jet-hr2/catkin_ws/devel/include/qpOASES/SQProblemSchur.ipp
Symlinking /media/keaton/KEATON/11_Design/jet-hr2/catkin_ws/devel/include/qpOASES/SubjectTo.hpp
Symlinking /media/keaton/KEATON/11_Design/jet-hr2/catkin_ws/devel/include/qpOASES/SubjectTo.ipp
Symlinking /media/keaton/KEATON/11_Design/jet-hr2/catkin_ws/devel/include/qpOASES/Types.hpp
Symlinking /media/keaton/KEATON/11_Design/jet-hr2/catkin_ws/devel/include/qpOASES/UnitTesting.hpp
Symlinking /media/keaton/KEATON/11_Design/jet-hr2/catkin_ws/devel/include/qpOASES/Utils.hpp
Symlinking /media/keaton/KEATON/11_Design/jet-hr2/catkin_ws/devel/include/qpOASES/Utils.ipp
Symlinking /media/keaton/KEATON/11_Design/jet-hr2/catkin_ws/devel/include/qpOASES/extras/OQPinterface.hpp
Symlinking /media/keaton/KEATON/11_Design/jet-hr2/catkin_ws/devel/include/qpOASES/extras/SolutionAnalysis.hpp
Symlinking /media/keaton/KEATON/11_Design/jet-hr2/catkin_ws/devel/include/qpOASES/extras/SolutionAnalysis.ipp
Symlinking /media/keaton/KEATON/11_Design/jet-hr2/catkin_ws/devel/lib/libqpOASES.so
Symlinking /media/keaton/KEATON/11_Design/jet-hr2/catkin_ws/devel/lib/libqpOASES.so.3.2
Symlinking /media/keaton/KEATON/11_Design/jet-hr2/catkin_ws/devel/lib/pkgconfig/qpoases_catkin.pc
Symlinking /media/keaton/KEATON/11_Design/jet-hr2/catkin_ws/devel/share/qpoases_catkin/cmake/qpoases_catkinConfig-version.cmake
Symlinking /media/keaton/KEATON/11_Design/jet-hr2/catkin_ws/devel/share/qpoases_catkin/cmake/qpoases_catkinConfig.cmake
