Linked: (/media/keaton/KEATON/11_Design/jet-hr2/catkin_ws/devel/.private/qpoases_catkin/include/qpOASES.hpp, /media/keaton/KEATON/11_Design/jet-hr2/catkin_ws/devel/include/qpOASES.hpp)
Linked: (/media/keaton/KEATON/11_Design/jet-hr2/catkin_ws/devel/.private/qpoases_catkin/include/qpOASES/Bounds.hpp, /media/keaton/KEATON/11_Design/jet-hr2/catkin_ws/devel/include/qpOASES/Bounds.hpp)
Linked: (/media/keaton/KEATON/11_Design/jet-hr2/catkin_ws/devel/.private/qpoases_catkin/include/qpOASES/Bounds.ipp, /media/keaton/KEATON/11_Design/jet-hr2/catkin_ws/devel/include/qpOASES/Bounds.ipp)
Linked: (/media/keaton/KEATON/11_Design/jet-hr2/catkin_ws/devel/.private/qpoases_catkin/include/qpOASES/Constants.hpp, /media/keaton/KEATON/11_Design/jet-hr2/catkin_ws/devel/include/qpOASES/Constants.hpp)
Linked: (/media/keaton/KEATON/11_Design/jet-hr2/catkin_ws/devel/.private/qpoases_catkin/include/qpOASES/ConstraintProduct.hpp, /media/keaton/KEATON/11_Design/jet-hr2/catkin_ws/devel/include/qpOASES/ConstraintProduct.hpp)
Linked: (/media/keaton/KEATON/11_Design/jet-hr2/catkin_ws/devel/.private/qpoases_catkin/include/qpOASES/Constraints.hpp, /media/keaton/KEATON/11_Design/jet-hr2/catkin_ws/devel/include/qpOASES/Constraints.hpp)
Linked: (/media/keaton/KEATON/11_Design/jet-hr2/catkin_ws/devel/.private/qpoases_catkin/include/qpOASES/Constraints.ipp, /media/keaton/KEATON/11_Design/jet-hr2/catkin_ws/devel/include/qpOASES/Constraints.ipp)
Linked: (/media/keaton/KEATON/11_Design/jet-hr2/catkin_ws/devel/.private/qpoases_catkin/include/qpOASES/Flipper.hpp, /media/keaton/KEATON/11_Design/jet-hr2/catkin_ws/devel/include/qpOASES/Flipper.hpp)
Linked: (/media/keaton/KEATON/11_Design/jet-hr2/catkin_ws/devel/.private/qpoases_catkin/include/qpOASES/Indexlist.hpp, /media/keaton/KEATON/11_Design/jet-hr2/catkin_ws/devel/include/qpOASES/Indexlist.hpp)
Linked: (/media/keaton/KEATON/11_Design/jet-hr2/catkin_ws/devel/.private/qpoases_catkin/include/qpOASES/Indexlist.ipp, /media/keaton/KEATON/11_Design/jet-hr2/catkin_ws/devel/include/qpOASES/Indexlist.ipp)
Linked: (/media/keaton/KEATON/11_Design/jet-hr2/catkin_ws/devel/.private/qpoases_catkin/include/qpOASES/LapackBlasReplacement.hpp, /media/keaton/KEATON/11_Design/jet-hr2/catkin_ws/devel/include/qpOASES/LapackBlasReplacement.hpp)
Linked: (/media/keaton/KEATON/11_Design/jet-hr2/catkin_ws/devel/.private/qpoases_catkin/include/qpOASES/Matrices.hpp, /media/keaton/KEATON/11_Design/jet-hr2/catkin_ws/devel/include/qpOASES/Matrices.hpp)
Linked: (/media/keaton/KEATON/11_Design/jet-hr2/catkin_ws/devel/.private/qpoases_catkin/include/qpOASES/MessageHandling.hpp, /media/keaton/KEATON/11_Design/jet-hr2/catkin_ws/devel/include/qpOASES/MessageHandling.hpp)
Linked: (/media/keaton/KEATON/11_Design/jet-hr2/catkin_ws/devel/.private/qpoases_catkin/include/qpOASES/MessageHandling.ipp, /media/keaton/KEATON/11_Design/jet-hr2/catkin_ws/devel/include/qpOASES/MessageHandling.ipp)
Linked: (/media/keaton/KEATON/11_Design/jet-hr2/catkin_ws/devel/.private/qpoases_catkin/include/qpOASES/Options.hpp, /media/keaton/KEATON/11_Design/jet-hr2/catkin_ws/devel/include/qpOASES/Options.hpp)
Linked: (/media/keaton/KEATON/11_Design/jet-hr2/catkin_ws/devel/.private/qpoases_catkin/include/qpOASES/OQPinterface.hpp, /media/keaton/KEATON/11_Design/jet-hr2/catkin_ws/devel/include/qpOASES/OQPinterface.hpp)
Linked: (/media/keaton/KEATON/11_Design/jet-hr2/catkin_ws/devel/.private/qpoases_catkin/include/qpOASES/QProblem.hpp, /media/keaton/KEATON/11_Design/jet-hr2/catkin_ws/devel/include/qpOASES/QProblem.hpp)
Linked: (/media/keaton/KEATON/11_Design/jet-hr2/catkin_ws/devel/.private/qpoases_catkin/include/qpOASES/QProblem.ipp, /media/keaton/KEATON/11_Design/jet-hr2/catkin_ws/devel/include/qpOASES/QProblem.ipp)
Linked: (/media/keaton/KEATON/11_Design/jet-hr2/catkin_ws/devel/.private/qpoases_catkin/include/qpOASES/QProblemB.hpp, /media/keaton/KEATON/11_Design/jet-hr2/catkin_ws/devel/include/qpOASES/QProblemB.hpp)
Linked: (/media/keaton/KEATON/11_Design/jet-hr2/catkin_ws/devel/.private/qpoases_catkin/include/qpOASES/QProblemB.ipp, /media/keaton/KEATON/11_Design/jet-hr2/catkin_ws/devel/include/qpOASES/QProblemB.ipp)
Linked: (/media/keaton/KEATON/11_Design/jet-hr2/catkin_ws/devel/.private/qpoases_catkin/include/qpOASES/SolutionAnalysis.hpp, /media/keaton/KEATON/11_Design/jet-hr2/catkin_ws/devel/include/qpOASES/SolutionAnalysis.hpp)
Linked: (/media/keaton/KEATON/11_Design/jet-hr2/catkin_ws/devel/.private/qpoases_catkin/include/qpOASES/SolutionAnalysis.ipp, /media/keaton/KEATON/11_Design/jet-hr2/catkin_ws/devel/include/qpOASES/SolutionAnalysis.ipp)
Linked: (/media/keaton/KEATON/11_Design/jet-hr2/catkin_ws/devel/.private/qpoases_catkin/include/qpOASES/SparseSolver.hpp, /media/keaton/KEATON/11_Design/jet-hr2/catkin_ws/devel/include/qpOASES/SparseSolver.hpp)
Linked: (/media/keaton/KEATON/11_Design/jet-hr2/catkin_ws/devel/.private/qpoases_catkin/include/qpOASES/SQProblem.hpp, /media/keaton/KEATON/11_Design/jet-hr2/catkin_ws/devel/include/qpOASES/SQProblem.hpp)
Linked: (/media/keaton/KEATON/11_Design/jet-hr2/catkin_ws/devel/.private/qpoases_catkin/include/qpOASES/SQProblem.ipp, /media/keaton/KEATON/11_Design/jet-hr2/catkin_ws/devel/include/qpOASES/SQProblem.ipp)
Linked: (/media/keaton/KEATON/11_Design/jet-hr2/catkin_ws/devel/.private/qpoases_catkin/include/qpOASES/SQProblemSchur.hpp, /media/keaton/KEATON/11_Design/jet-hr2/catkin_ws/devel/include/qpOASES/SQProblemSchur.hpp)
Linked: (/media/keaton/KEATON/11_Design/jet-hr2/catkin_ws/devel/.private/qpoases_catkin/include/qpOASES/SQProblemSchur.ipp, /media/keaton/KEATON/11_Design/jet-hr2/catkin_ws/devel/include/qpOASES/SQProblemSchur.ipp)
Linked: (/media/keaton/KEATON/11_Design/jet-hr2/catkin_ws/devel/.private/qpoases_catkin/include/qpOASES/SubjectTo.hpp, /media/keaton/KEATON/11_Design/jet-hr2/catkin_ws/devel/include/qpOASES/SubjectTo.hpp)
Linked: (/media/keaton/KEATON/11_Design/jet-hr2/catkin_ws/devel/.private/qpoases_catkin/include/qpOASES/SubjectTo.ipp, /media/keaton/KEATON/11_Design/jet-hr2/catkin_ws/devel/include/qpOASES/SubjectTo.ipp)
Linked: (/media/keaton/KEATON/11_Design/jet-hr2/catkin_ws/devel/.private/qpoases_catkin/include/qpOASES/Types.hpp, /media/keaton/KEATON/11_Design/jet-hr2/catkin_ws/devel/include/qpOASES/Types.hpp)
Linked: (/media/keaton/KEATON/11_Design/jet-hr2/catkin_ws/devel/.private/qpoases_catkin/include/qpOASES/UnitTesting.hpp, /media/keaton/KEATON/11_Design/jet-hr2/catkin_ws/devel/include/qpOASES/UnitTesting.hpp)
Linked: (/media/keaton/KEATON/11_Design/jet-hr2/catkin_ws/devel/.private/qpoases_catkin/include/qpOASES/Utils.hpp, /media/keaton/KEATON/11_Design/jet-hr2/catkin_ws/devel/include/qpOASES/Utils.hpp)
Linked: (/media/keaton/KEATON/11_Design/jet-hr2/catkin_ws/devel/.private/qpoases_catkin/include/qpOASES/Utils.ipp, /media/keaton/KEATON/11_Design/jet-hr2/catkin_ws/devel/include/qpOASES/Utils.ipp)
Linked: (/media/keaton/KEATON/11_Design/jet-hr2/catkin_ws/devel/.private/qpoases_catkin/include/qpOASES/extras/OQPinterface.hpp, /media/keaton/KEATON/11_Design/jet-hr2/catkin_ws/devel/include/qpOASES/extras/OQPinterface.hpp)
Linked: (/media/keaton/KEATON/11_Design/jet-hr2/catkin_ws/devel/.private/qpoases_catkin/include/qpOASES/extras/SolutionAnalysis.hpp, /media/keaton/KEATON/11_Design/jet-hr2/catkin_ws/devel/include/qpOASES/extras/SolutionAnalysis.hpp)
Linked: (/media/keaton/KEATON/11_Design/jet-hr2/catkin_ws/devel/.private/qpoases_catkin/include/qpOASES/extras/SolutionAnalysis.ipp, /media/keaton/KEATON/11_Design/jet-hr2/catkin_ws/devel/include/qpOASES/extras/SolutionAnalysis.ipp)
Linked: (/media/keaton/KEATON/11_Design/jet-hr2/catkin_ws/devel/.private/qpoases_catkin/lib/libqpOASES.so, /media/keaton/KEATON/11_Design/jet-hr2/catkin_ws/devel/lib/libqpOASES.so)
Linked: (/media/keaton/KEATON/11_Design/jet-hr2/catkin_ws/devel/.private/qpoases_catkin/lib/libqpOASES.so.3.2, /media/keaton/KEATON/11_Design/jet-hr2/catkin_ws/devel/lib/libqpOASES.so.3.2)
Linked: (/media/keaton/KEATON/11_Design/jet-hr2/catkin_ws/devel/.private/qpoases_catkin/lib/pkgconfig/qpoases_catkin.pc, /media/keaton/KEATON/11_Design/jet-hr2/catkin_ws/devel/lib/pkgconfig/qpoases_catkin.pc)
Linked: (/media/keaton/KEATON/11_Design/jet-hr2/catkin_ws/devel/.private/qpoases_catkin/share/qpoases_catkin/cmake/qpoases_catkinConfig-version.cmake, /media/keaton/KEATON/11_Design/jet-hr2/catkin_ws/devel/share/qpoases_catkin/cmake/qpoases_catkinConfig-version.cmake)
Linked: (/media/keaton/KEATON/11_Design/jet-hr2/catkin_ws/devel/.private/qpoases_catkin/share/qpoases_catkin/cmake/qpoases_catkinConfig.cmake, /media/keaton/KEATON/11_Design/jet-hr2/catkin_ws/devel/share/qpoases_catkin/cmake/qpoases_catkinConfig.cmake)
