[  0%] Built target tf2_msgs_generate_messages_lisp
[  0%] Built target std_msgs_generate_messages_cpp
[  0%] Built target _yesense_imu_generate_messages_check_deps_YesenseImuSensorData
[  0%] Built target _yesense_imu_generate_messages_check_deps_YesenseImuQuaternion
[  0%] Built target _yesense_imu_generate_messages_check_deps_YesenseImuUtcTime
[  0%] Built target _yesense_imu_generate_messages_check_deps_YesenseImuGpsData
[  0%] Built target _yesense_imu_generate_messages_check_deps_YesenseImuCmdResp
[  0%] Built target _yesense_imu_generate_messages_check_deps_YesenseImuLocation
[  0%] Built target _yesense_imu_generate_messages_check_deps_YesenseImuStatus
[  0%] Built target _yesense_imu_generate_messages_check_deps_YesenseImuEulerAngle
[  0%] Built target _yesense_imu_generate_messages_check_deps_YesenseImuSlaveGnssData
[  0%] Built target geometry_msgs_generate_messages_cpp
[  0%] Built target _yesense_imu_generate_messages_check_deps_YesenseIMUSetting
[  0%] Built target tf2_msgs_generate_messages_nodejs
[  0%] Built target geometry_msgs_generate_messages_eus
[  0%] Built target std_msgs_generate_messages_nodejs
[  0%] Built target std_msgs_generate_messages_lisp
[  0%] Built target dynamic_reconfigure_gencfg
[  0%] Built target tf2_msgs_generate_messages_py
[  0%] Built target dynamic_reconfigure_generate_messages_nodejs
[  0%] Built target sensor_msgs_generate_messages_cpp
[  0%] Built target _yesense_imu_generate_messages_check_deps_YesenseImuAllData
[  0%] Built target _yesense_imu_generate_messages_check_deps_YesenseImuGnssData
[  0%] Built target _yesense_imu_generate_messages_check_deps_YesenseImuMasterGnssData
[  0%] Built target std_srvs_generate_messages_lisp
[  0%] Built target dynamic_reconfigure_generate_messages_lisp
[  0%] Built target std_msgs_generate_messages_py
[  0%] Built target actionlib_generate_messages_cpp
[  0%] Built target tf2_msgs_generate_messages_cpp
[  0%] Built target rosgraph_msgs_generate_messages_nodejs
[  0%] Built target actionlib_msgs_generate_messages_py
[  0%] Built target roscpp_generate_messages_lisp
[  0%] Built target actionlib_generate_messages_lisp
[  0%] Built target std_srvs_generate_messages_cpp
[  0%] Built target std_srvs_generate_messages_nodejs
[  0%] Built target tf_generate_messages_eus
[  0%] Built target rosgraph_msgs_generate_messages_lisp
[  0%] Built target dynamic_reconfigure_generate_messages_py
[  0%] Built target actionlib_msgs_generate_messages_eus
[  0%] Built target roscpp_generate_messages_py
[  0%] Built target roscpp_generate_messages_cpp
[  0%] Built target roscpp_generate_messages_eus
[  0%] Built target rosgraph_msgs_generate_messages_py
[  0%] Built target dynamic_reconfigure_generate_messages_cpp
[  0%] Built target tf_generate_messages_lisp
[  0%] Built target geometry_msgs_generate_messages_lisp
[  0%] Built target tf_generate_messages_cpp
[  0%] Built target roscpp_generate_messages_nodejs
[  0%] Built target std_srvs_generate_messages_py
[  0%] Built target rosgraph_msgs_generate_messages_eus
[  0%] Built target dynamic_reconfigure_generate_messages_eus
[  0%] Built target geometry_msgs_generate_messages_py
[  0%] Built target geometry_msgs_generate_messages_nodejs
[  0%] Built target tf2_msgs_generate_messages_eus
[  0%] Built target sensor_msgs_generate_messages_py
[  0%] Built target sensor_msgs_generate_messages_eus
[  0%] Built target sensor_msgs_generate_messages_lisp
[  0%] Built target sensor_msgs_generate_messages_nodejs
[  0%] Built target std_srvs_generate_messages_eus
[  0%] Built target tf_generate_messages_nodejs
[  0%] Built target rosgraph_msgs_generate_messages_cpp
[  0%] Built target actionlib_generate_messages_eus
[  0%] Built target actionlib_msgs_generate_messages_cpp
[  0%] Built target actionlib_generate_messages_nodejs
[  0%] Built target tf_generate_messages_py
[  0%] Built target actionlib_generate_messages_py
[  0%] Built target std_msgs_generate_messages_eus
[  0%] Built target actionlib_msgs_generate_messages_nodejs
[  0%] Built target actionlib_msgs_generate_messages_lisp
[ 19%] Built target yesense_imu_generate_messages_py
[ 37%] Built target yesense_imu_generate_messages_nodejs
[ 55%] Built target yesense_imu_generate_messages_lisp
[ 56%] [34m[1mGenerating dynamic reconfigure files from cfg/Yesense.cfg: /media/keaton/KEATON/11_Design/jet-hr2/catkin_ws/devel/.private/yesense_imu/include/yesense_imu/YesenseConfig.h /media/keaton/KEATON/11_Design/jet-hr2/catkin_ws/devel/.private/yesense_imu/lib/python3/dist-packages/yesense_imu/cfg/YesenseConfig.py[0m
[ 80%] Built target yesense_imu_generate_messages_eus
[ 94%] Built target yesense_imu_generate_messages_cpp
Generating reconfiguration files for YesenseNode in yesense_imu
Wrote header file in /media/keaton/KEATON/11_Design/jet-hr2/catkin_ws/devel/.private/yesense_imu/include/yesense_imu/YesenseNodeConfig.h
[ 94%] Built target yesense_imu_gencfg
[ 94%] Built target yesense_imu_gencpp
[ 94%] Built target yesense_imu_generate_messages
[100%] Built target yesense_imu_node
