Linked: (/media/keaton/KEATON/11_Design/jet-hr2/catkin_ws/devel/.private/yesense_imu/include/yesense_imu/YesenseImuAllData.h, /media/keaton/KEATON/11_Design/jet-hr2/catkin_ws/devel/include/yesense_imu/YesenseImuAllData.h)
Linked: (/media/keaton/KEATON/11_Design/jet-hr2/catkin_ws/devel/.private/yesense_imu/include/yesense_imu/YesenseImuCmdResp.h, /media/keaton/KEATON/11_Design/jet-hr2/catkin_ws/devel/include/yesense_imu/YesenseImuCmdResp.h)
Linked: (/media/keaton/KEATON/11_Design/jet-hr2/catkin_ws/devel/.private/yesense_imu/include/yesense_imu/YesenseImuEulerAngle.h, /media/keaton/KEATON/11_Design/jet-hr2/catkin_ws/devel/include/yesense_imu/YesenseImuEulerAngle.h)
Linked: (/media/keaton/KEATON/11_Design/jet-hr2/catkin_ws/devel/.private/yesense_imu/include/yesense_imu/YesenseImuGnssData.h, /media/keaton/KEATON/11_Design/jet-hr2/catkin_ws/devel/include/yesense_imu/YesenseImuGnssData.h)
Linked: (/media/keaton/KEATON/11_Design/jet-hr2/catkin_ws/devel/.private/yesense_imu/include/yesense_imu/YesenseImuGpsData.h, /media/keaton/KEATON/11_Design/jet-hr2/catkin_ws/devel/include/yesense_imu/YesenseImuGpsData.h)
Linked: (/media/keaton/KEATON/11_Design/jet-hr2/catkin_ws/devel/.private/yesense_imu/include/yesense_imu/YesenseImuLocation.h, /media/keaton/KEATON/11_Design/jet-hr2/catkin_ws/devel/include/yesense_imu/YesenseImuLocation.h)
Linked: (/media/keaton/KEATON/11_Design/jet-hr2/catkin_ws/devel/.private/yesense_imu/include/yesense_imu/YesenseImuMasterGnssData.h, /media/keaton/KEATON/11_Design/jet-hr2/catkin_ws/devel/include/yesense_imu/YesenseImuMasterGnssData.h)
Linked: (/media/keaton/KEATON/11_Design/jet-hr2/catkin_ws/devel/.private/yesense_imu/include/yesense_imu/YesenseImuQuaternion.h, /media/keaton/KEATON/11_Design/jet-hr2/catkin_ws/devel/include/yesense_imu/YesenseImuQuaternion.h)
Linked: (/media/keaton/KEATON/11_Design/jet-hr2/catkin_ws/devel/.private/yesense_imu/include/yesense_imu/YesenseImuSensorData.h, /media/keaton/KEATON/11_Design/jet-hr2/catkin_ws/devel/include/yesense_imu/YesenseImuSensorData.h)
Linked: (/media/keaton/KEATON/11_Design/jet-hr2/catkin_ws/devel/.private/yesense_imu/include/yesense_imu/YesenseIMUSetting.h, /media/keaton/KEATON/11_Design/jet-hr2/catkin_ws/devel/include/yesense_imu/YesenseIMUSetting.h)
Linked: (/media/keaton/KEATON/11_Design/jet-hr2/catkin_ws/devel/.private/yesense_imu/include/yesense_imu/YesenseImuSlaveGnssData.h, /media/keaton/KEATON/11_Design/jet-hr2/catkin_ws/devel/include/yesense_imu/YesenseImuSlaveGnssData.h)
Linked: (/media/keaton/KEATON/11_Design/jet-hr2/catkin_ws/devel/.private/yesense_imu/include/yesense_imu/YesenseImuStatus.h, /media/keaton/KEATON/11_Design/jet-hr2/catkin_ws/devel/include/yesense_imu/YesenseImuStatus.h)
Linked: (/media/keaton/KEATON/11_Design/jet-hr2/catkin_ws/devel/.private/yesense_imu/include/yesense_imu/YesenseImuUtcTime.h, /media/keaton/KEATON/11_Design/jet-hr2/catkin_ws/devel/include/yesense_imu/YesenseImuUtcTime.h)
Linked: (/media/keaton/KEATON/11_Design/jet-hr2/catkin_ws/devel/.private/yesense_imu/include/yesense_imu/YesenseNodeConfig.h, /media/keaton/KEATON/11_Design/jet-hr2/catkin_ws/devel/include/yesense_imu/YesenseNodeConfig.h)
Linked: (/media/keaton/KEATON/11_Design/jet-hr2/catkin_ws/devel/.private/yesense_imu/lib/pkgconfig/yesense_imu.pc, /media/keaton/KEATON/11_Design/jet-hr2/catkin_ws/devel/lib/pkgconfig/yesense_imu.pc)
Linked: (/media/keaton/KEATON/11_Design/jet-hr2/catkin_ws/devel/.private/yesense_imu/lib/python3/dist-packages/yesense_imu/__init__.py, /media/keaton/KEATON/11_Design/jet-hr2/catkin_ws/devel/lib/python3/dist-packages/yesense_imu/__init__.py)
Linked: (/media/keaton/KEATON/11_Design/jet-hr2/catkin_ws/devel/.private/yesense_imu/lib/python3/dist-packages/yesense_imu/cfg/YesenseNodeConfig.py, /media/keaton/KEATON/11_Design/jet-hr2/catkin_ws/devel/lib/python3/dist-packages/yesense_imu/cfg/YesenseNodeConfig.py)
Linked: (/media/keaton/KEATON/11_Design/jet-hr2/catkin_ws/devel/.private/yesense_imu/lib/python3/dist-packages/yesense_imu/cfg/__init__.py, /media/keaton/KEATON/11_Design/jet-hr2/catkin_ws/devel/lib/python3/dist-packages/yesense_imu/cfg/__init__.py)
Linked: (/media/keaton/KEATON/11_Design/jet-hr2/catkin_ws/devel/.private/yesense_imu/lib/python3/dist-packages/yesense_imu/msg/_YesenseImuAllData.py, /media/keaton/KEATON/11_Design/jet-hr2/catkin_ws/devel/lib/python3/dist-packages/yesense_imu/msg/_YesenseImuAllData.py)
Linked: (/media/keaton/KEATON/11_Design/jet-hr2/catkin_ws/devel/.private/yesense_imu/lib/python3/dist-packages/yesense_imu/msg/_YesenseImuCmdResp.py, /media/keaton/KEATON/11_Design/jet-hr2/catkin_ws/devel/lib/python3/dist-packages/yesense_imu/msg/_YesenseImuCmdResp.py)
Linked: (/media/keaton/KEATON/11_Design/jet-hr2/catkin_ws/devel/.private/yesense_imu/lib/python3/dist-packages/yesense_imu/msg/_YesenseImuEulerAngle.py, /media/keaton/KEATON/11_Design/jet-hr2/catkin_ws/devel/lib/python3/dist-packages/yesense_imu/msg/_YesenseImuEulerAngle.py)
Linked: (/media/keaton/KEATON/11_Design/jet-hr2/catkin_ws/devel/.private/yesense_imu/lib/python3/dist-packages/yesense_imu/msg/_YesenseImuGnssData.py, /media/keaton/KEATON/11_Design/jet-hr2/catkin_ws/devel/lib/python3/dist-packages/yesense_imu/msg/_YesenseImuGnssData.py)
Linked: (/media/keaton/KEATON/11_Design/jet-hr2/catkin_ws/devel/.private/yesense_imu/lib/python3/dist-packages/yesense_imu/msg/_YesenseImuGpsData.py, /media/keaton/KEATON/11_Design/jet-hr2/catkin_ws/devel/lib/python3/dist-packages/yesense_imu/msg/_YesenseImuGpsData.py)
Linked: (/media/keaton/KEATON/11_Design/jet-hr2/catkin_ws/devel/.private/yesense_imu/lib/python3/dist-packages/yesense_imu/msg/_YesenseImuLocation.py, /media/keaton/KEATON/11_Design/jet-hr2/catkin_ws/devel/lib/python3/dist-packages/yesense_imu/msg/_YesenseImuLocation.py)
Linked: (/media/keaton/KEATON/11_Design/jet-hr2/catkin_ws/devel/.private/yesense_imu/lib/python3/dist-packages/yesense_imu/msg/_YesenseImuMasterGnssData.py, /media/keaton/KEATON/11_Design/jet-hr2/catkin_ws/devel/lib/python3/dist-packages/yesense_imu/msg/_YesenseImuMasterGnssData.py)
Linked: (/media/keaton/KEATON/11_Design/jet-hr2/catkin_ws/devel/.private/yesense_imu/lib/python3/dist-packages/yesense_imu/msg/_YesenseImuQuaternion.py, /media/keaton/KEATON/11_Design/jet-hr2/catkin_ws/devel/lib/python3/dist-packages/yesense_imu/msg/_YesenseImuQuaternion.py)
Linked: (/media/keaton/KEATON/11_Design/jet-hr2/catkin_ws/devel/.private/yesense_imu/lib/python3/dist-packages/yesense_imu/msg/_YesenseImuSensorData.py, /media/keaton/KEATON/11_Design/jet-hr2/catkin_ws/devel/lib/python3/dist-packages/yesense_imu/msg/_YesenseImuSensorData.py)
Linked: (/media/keaton/KEATON/11_Design/jet-hr2/catkin_ws/devel/.private/yesense_imu/lib/python3/dist-packages/yesense_imu/msg/_YesenseIMUSetting.py, /media/keaton/KEATON/11_Design/jet-hr2/catkin_ws/devel/lib/python3/dist-packages/yesense_imu/msg/_YesenseIMUSetting.py)
Linked: (/media/keaton/KEATON/11_Design/jet-hr2/catkin_ws/devel/.private/yesense_imu/lib/python3/dist-packages/yesense_imu/msg/_YesenseImuSlaveGnssData.py, /media/keaton/KEATON/11_Design/jet-hr2/catkin_ws/devel/lib/python3/dist-packages/yesense_imu/msg/_YesenseImuSlaveGnssData.py)
Linked: (/media/keaton/KEATON/11_Design/jet-hr2/catkin_ws/devel/.private/yesense_imu/lib/python3/dist-packages/yesense_imu/msg/_YesenseImuStatus.py, /media/keaton/KEATON/11_Design/jet-hr2/catkin_ws/devel/lib/python3/dist-packages/yesense_imu/msg/_YesenseImuStatus.py)
Linked: (/media/keaton/KEATON/11_Design/jet-hr2/catkin_ws/devel/.private/yesense_imu/lib/python3/dist-packages/yesense_imu/msg/_YesenseImuUtcTime.py, /media/keaton/KEATON/11_Design/jet-hr2/catkin_ws/devel/lib/python3/dist-packages/yesense_imu/msg/_YesenseImuUtcTime.py)
Linked: (/media/keaton/KEATON/11_Design/jet-hr2/catkin_ws/devel/.private/yesense_imu/lib/python3/dist-packages/yesense_imu/msg/__init__.py, /media/keaton/KEATON/11_Design/jet-hr2/catkin_ws/devel/lib/python3/dist-packages/yesense_imu/msg/__init__.py)
Linked: (/media/keaton/KEATON/11_Design/jet-hr2/catkin_ws/devel/.private/yesense_imu/lib/yesense_imu/yesense_imu_node, /media/keaton/KEATON/11_Design/jet-hr2/catkin_ws/devel/lib/yesense_imu/yesense_imu_node)
Linked: (/media/keaton/KEATON/11_Design/jet-hr2/catkin_ws/devel/.private/yesense_imu/share/common-lisp/ros/yesense_imu/msg/YesenseImuAllData.lisp, /media/keaton/KEATON/11_Design/jet-hr2/catkin_ws/devel/share/common-lisp/ros/yesense_imu/msg/YesenseImuAllData.lisp)
Linked: (/media/keaton/KEATON/11_Design/jet-hr2/catkin_ws/devel/.private/yesense_imu/share/common-lisp/ros/yesense_imu/msg/YesenseImuCmdResp.lisp, /media/keaton/KEATON/11_Design/jet-hr2/catkin_ws/devel/share/common-lisp/ros/yesense_imu/msg/YesenseImuCmdResp.lisp)
Linked: (/media/keaton/KEATON/11_Design/jet-hr2/catkin_ws/devel/.private/yesense_imu/share/common-lisp/ros/yesense_imu/msg/YesenseImuEulerAngle.lisp, /media/keaton/KEATON/11_Design/jet-hr2/catkin_ws/devel/share/common-lisp/ros/yesense_imu/msg/YesenseImuEulerAngle.lisp)
Linked: (/media/keaton/KEATON/11_Design/jet-hr2/catkin_ws/devel/.private/yesense_imu/share/common-lisp/ros/yesense_imu/msg/YesenseImuGnssData.lisp, /media/keaton/KEATON/11_Design/jet-hr2/catkin_ws/devel/share/common-lisp/ros/yesense_imu/msg/YesenseImuGnssData.lisp)
Linked: (/media/keaton/KEATON/11_Design/jet-hr2/catkin_ws/devel/.private/yesense_imu/share/common-lisp/ros/yesense_imu/msg/YesenseImuGpsData.lisp, /media/keaton/KEATON/11_Design/jet-hr2/catkin_ws/devel/share/common-lisp/ros/yesense_imu/msg/YesenseImuGpsData.lisp)
Linked: (/media/keaton/KEATON/11_Design/jet-hr2/catkin_ws/devel/.private/yesense_imu/share/common-lisp/ros/yesense_imu/msg/YesenseImuLocation.lisp, /media/keaton/KEATON/11_Design/jet-hr2/catkin_ws/devel/share/common-lisp/ros/yesense_imu/msg/YesenseImuLocation.lisp)
Linked: (/media/keaton/KEATON/11_Design/jet-hr2/catkin_ws/devel/.private/yesense_imu/share/common-lisp/ros/yesense_imu/msg/YesenseImuMasterGnssData.lisp, /media/keaton/KEATON/11_Design/jet-hr2/catkin_ws/devel/share/common-lisp/ros/yesense_imu/msg/YesenseImuMasterGnssData.lisp)
Linked: (/media/keaton/KEATON/11_Design/jet-hr2/catkin_ws/devel/.private/yesense_imu/share/common-lisp/ros/yesense_imu/msg/YesenseImuQuaternion.lisp, /media/keaton/KEATON/11_Design/jet-hr2/catkin_ws/devel/share/common-lisp/ros/yesense_imu/msg/YesenseImuQuaternion.lisp)
Linked: (/media/keaton/KEATON/11_Design/jet-hr2/catkin_ws/devel/.private/yesense_imu/share/common-lisp/ros/yesense_imu/msg/YesenseImuSensorData.lisp, /media/keaton/KEATON/11_Design/jet-hr2/catkin_ws/devel/share/common-lisp/ros/yesense_imu/msg/YesenseImuSensorData.lisp)
Linked: (/media/keaton/KEATON/11_Design/jet-hr2/catkin_ws/devel/.private/yesense_imu/share/common-lisp/ros/yesense_imu/msg/YesenseIMUSetting.lisp, /media/keaton/KEATON/11_Design/jet-hr2/catkin_ws/devel/share/common-lisp/ros/yesense_imu/msg/YesenseIMUSetting.lisp)
Linked: (/media/keaton/KEATON/11_Design/jet-hr2/catkin_ws/devel/.private/yesense_imu/share/common-lisp/ros/yesense_imu/msg/YesenseImuSlaveGnssData.lisp, /media/keaton/KEATON/11_Design/jet-hr2/catkin_ws/devel/share/common-lisp/ros/yesense_imu/msg/YesenseImuSlaveGnssData.lisp)
Linked: (/media/keaton/KEATON/11_Design/jet-hr2/catkin_ws/devel/.private/yesense_imu/share/common-lisp/ros/yesense_imu/msg/YesenseImuStatus.lisp, /media/keaton/KEATON/11_Design/jet-hr2/catkin_ws/devel/share/common-lisp/ros/yesense_imu/msg/YesenseImuStatus.lisp)
Linked: (/media/keaton/KEATON/11_Design/jet-hr2/catkin_ws/devel/.private/yesense_imu/share/common-lisp/ros/yesense_imu/msg/YesenseImuUtcTime.lisp, /media/keaton/KEATON/11_Design/jet-hr2/catkin_ws/devel/share/common-lisp/ros/yesense_imu/msg/YesenseImuUtcTime.lisp)
Linked: (/media/keaton/KEATON/11_Design/jet-hr2/catkin_ws/devel/.private/yesense_imu/share/common-lisp/ros/yesense_imu/msg/yesense_imu-msg.asd, /media/keaton/KEATON/11_Design/jet-hr2/catkin_ws/devel/share/common-lisp/ros/yesense_imu/msg/yesense_imu-msg.asd)
Linked: (/media/keaton/KEATON/11_Design/jet-hr2/catkin_ws/devel/.private/yesense_imu/share/common-lisp/ros/yesense_imu/msg/_package.lisp, /media/keaton/KEATON/11_Design/jet-hr2/catkin_ws/devel/share/common-lisp/ros/yesense_imu/msg/_package.lisp)
Linked: (/media/keaton/KEATON/11_Design/jet-hr2/catkin_ws/devel/.private/yesense_imu/share/common-lisp/ros/yesense_imu/msg/_package_YesenseImuAllData.lisp, /media/keaton/KEATON/11_Design/jet-hr2/catkin_ws/devel/share/common-lisp/ros/yesense_imu/msg/_package_YesenseImuAllData.lisp)
Linked: (/media/keaton/KEATON/11_Design/jet-hr2/catkin_ws/devel/.private/yesense_imu/share/common-lisp/ros/yesense_imu/msg/_package_YesenseImuCmdResp.lisp, /media/keaton/KEATON/11_Design/jet-hr2/catkin_ws/devel/share/common-lisp/ros/yesense_imu/msg/_package_YesenseImuCmdResp.lisp)
Linked: (/media/keaton/KEATON/11_Design/jet-hr2/catkin_ws/devel/.private/yesense_imu/share/common-lisp/ros/yesense_imu/msg/_package_YesenseImuEulerAngle.lisp, /media/keaton/KEATON/11_Design/jet-hr2/catkin_ws/devel/share/common-lisp/ros/yesense_imu/msg/_package_YesenseImuEulerAngle.lisp)
Linked: (/media/keaton/KEATON/11_Design/jet-hr2/catkin_ws/devel/.private/yesense_imu/share/common-lisp/ros/yesense_imu/msg/_package_YesenseImuGnssData.lisp, /media/keaton/KEATON/11_Design/jet-hr2/catkin_ws/devel/share/common-lisp/ros/yesense_imu/msg/_package_YesenseImuGnssData.lisp)
Linked: (/media/keaton/KEATON/11_Design/jet-hr2/catkin_ws/devel/.private/yesense_imu/share/common-lisp/ros/yesense_imu/msg/_package_YesenseImuGpsData.lisp, /media/keaton/KEATON/11_Design/jet-hr2/catkin_ws/devel/share/common-lisp/ros/yesense_imu/msg/_package_YesenseImuGpsData.lisp)
Linked: (/media/keaton/KEATON/11_Design/jet-hr2/catkin_ws/devel/.private/yesense_imu/share/common-lisp/ros/yesense_imu/msg/_package_YesenseImuLocation.lisp, /media/keaton/KEATON/11_Design/jet-hr2/catkin_ws/devel/share/common-lisp/ros/yesense_imu/msg/_package_YesenseImuLocation.lisp)
Linked: (/media/keaton/KEATON/11_Design/jet-hr2/catkin_ws/devel/.private/yesense_imu/share/common-lisp/ros/yesense_imu/msg/_package_YesenseImuMasterGnssData.lisp, /media/keaton/KEATON/11_Design/jet-hr2/catkin_ws/devel/share/common-lisp/ros/yesense_imu/msg/_package_YesenseImuMasterGnssData.lisp)
Linked: (/media/keaton/KEATON/11_Design/jet-hr2/catkin_ws/devel/.private/yesense_imu/share/common-lisp/ros/yesense_imu/msg/_package_YesenseImuQuaternion.lisp, /media/keaton/KEATON/11_Design/jet-hr2/catkin_ws/devel/share/common-lisp/ros/yesense_imu/msg/_package_YesenseImuQuaternion.lisp)
Linked: (/media/keaton/KEATON/11_Design/jet-hr2/catkin_ws/devel/.private/yesense_imu/share/common-lisp/ros/yesense_imu/msg/_package_YesenseImuSensorData.lisp, /media/keaton/KEATON/11_Design/jet-hr2/catkin_ws/devel/share/common-lisp/ros/yesense_imu/msg/_package_YesenseImuSensorData.lisp)
Linked: (/media/keaton/KEATON/11_Design/jet-hr2/catkin_ws/devel/.private/yesense_imu/share/common-lisp/ros/yesense_imu/msg/_package_YesenseIMUSetting.lisp, /media/keaton/KEATON/11_Design/jet-hr2/catkin_ws/devel/share/common-lisp/ros/yesense_imu/msg/_package_YesenseIMUSetting.lisp)
Linked: (/media/keaton/KEATON/11_Design/jet-hr2/catkin_ws/devel/.private/yesense_imu/share/common-lisp/ros/yesense_imu/msg/_package_YesenseImuSlaveGnssData.lisp, /media/keaton/KEATON/11_Design/jet-hr2/catkin_ws/devel/share/common-lisp/ros/yesense_imu/msg/_package_YesenseImuSlaveGnssData.lisp)
Linked: (/media/keaton/KEATON/11_Design/jet-hr2/catkin_ws/devel/.private/yesense_imu/share/common-lisp/ros/yesense_imu/msg/_package_YesenseImuStatus.lisp, /media/keaton/KEATON/11_Design/jet-hr2/catkin_ws/devel/share/common-lisp/ros/yesense_imu/msg/_package_YesenseImuStatus.lisp)
Linked: (/media/keaton/KEATON/11_Design/jet-hr2/catkin_ws/devel/.private/yesense_imu/share/common-lisp/ros/yesense_imu/msg/_package_YesenseImuUtcTime.lisp, /media/keaton/KEATON/11_Design/jet-hr2/catkin_ws/devel/share/common-lisp/ros/yesense_imu/msg/_package_YesenseImuUtcTime.lisp)
Linked: (/media/keaton/KEATON/11_Design/jet-hr2/catkin_ws/devel/.private/yesense_imu/share/gennodejs/ros/yesense_imu/_index.js, /media/keaton/KEATON/11_Design/jet-hr2/catkin_ws/devel/share/gennodejs/ros/yesense_imu/_index.js)
Linked: (/media/keaton/KEATON/11_Design/jet-hr2/catkin_ws/devel/.private/yesense_imu/share/gennodejs/ros/yesense_imu/msg/YesenseImuAllData.js, /media/keaton/KEATON/11_Design/jet-hr2/catkin_ws/devel/share/gennodejs/ros/yesense_imu/msg/YesenseImuAllData.js)
Linked: (/media/keaton/KEATON/11_Design/jet-hr2/catkin_ws/devel/.private/yesense_imu/share/gennodejs/ros/yesense_imu/msg/YesenseImuCmdResp.js, /media/keaton/KEATON/11_Design/jet-hr2/catkin_ws/devel/share/gennodejs/ros/yesense_imu/msg/YesenseImuCmdResp.js)
Linked: (/media/keaton/KEATON/11_Design/jet-hr2/catkin_ws/devel/.private/yesense_imu/share/gennodejs/ros/yesense_imu/msg/YesenseImuEulerAngle.js, /media/keaton/KEATON/11_Design/jet-hr2/catkin_ws/devel/share/gennodejs/ros/yesense_imu/msg/YesenseImuEulerAngle.js)
Linked: (/media/keaton/KEATON/11_Design/jet-hr2/catkin_ws/devel/.private/yesense_imu/share/gennodejs/ros/yesense_imu/msg/YesenseImuGnssData.js, /media/keaton/KEATON/11_Design/jet-hr2/catkin_ws/devel/share/gennodejs/ros/yesense_imu/msg/YesenseImuGnssData.js)
Linked: (/media/keaton/KEATON/11_Design/jet-hr2/catkin_ws/devel/.private/yesense_imu/share/gennodejs/ros/yesense_imu/msg/YesenseImuGpsData.js, /media/keaton/KEATON/11_Design/jet-hr2/catkin_ws/devel/share/gennodejs/ros/yesense_imu/msg/YesenseImuGpsData.js)
Linked: (/media/keaton/KEATON/11_Design/jet-hr2/catkin_ws/devel/.private/yesense_imu/share/gennodejs/ros/yesense_imu/msg/YesenseImuLocation.js, /media/keaton/KEATON/11_Design/jet-hr2/catkin_ws/devel/share/gennodejs/ros/yesense_imu/msg/YesenseImuLocation.js)
Linked: (/media/keaton/KEATON/11_Design/jet-hr2/catkin_ws/devel/.private/yesense_imu/share/gennodejs/ros/yesense_imu/msg/YesenseImuMasterGnssData.js, /media/keaton/KEATON/11_Design/jet-hr2/catkin_ws/devel/share/gennodejs/ros/yesense_imu/msg/YesenseImuMasterGnssData.js)
Linked: (/media/keaton/KEATON/11_Design/jet-hr2/catkin_ws/devel/.private/yesense_imu/share/gennodejs/ros/yesense_imu/msg/YesenseImuQuaternion.js, /media/keaton/KEATON/11_Design/jet-hr2/catkin_ws/devel/share/gennodejs/ros/yesense_imu/msg/YesenseImuQuaternion.js)
Linked: (/media/keaton/KEATON/11_Design/jet-hr2/catkin_ws/devel/.private/yesense_imu/share/gennodejs/ros/yesense_imu/msg/YesenseImuSensorData.js, /media/keaton/KEATON/11_Design/jet-hr2/catkin_ws/devel/share/gennodejs/ros/yesense_imu/msg/YesenseImuSensorData.js)
Linked: (/media/keaton/KEATON/11_Design/jet-hr2/catkin_ws/devel/.private/yesense_imu/share/gennodejs/ros/yesense_imu/msg/YesenseIMUSetting.js, /media/keaton/KEATON/11_Design/jet-hr2/catkin_ws/devel/share/gennodejs/ros/yesense_imu/msg/YesenseIMUSetting.js)
Linked: (/media/keaton/KEATON/11_Design/jet-hr2/catkin_ws/devel/.private/yesense_imu/share/gennodejs/ros/yesense_imu/msg/YesenseImuSlaveGnssData.js, /media/keaton/KEATON/11_Design/jet-hr2/catkin_ws/devel/share/gennodejs/ros/yesense_imu/msg/YesenseImuSlaveGnssData.js)
Linked: (/media/keaton/KEATON/11_Design/jet-hr2/catkin_ws/devel/.private/yesense_imu/share/gennodejs/ros/yesense_imu/msg/YesenseImuStatus.js, /media/keaton/KEATON/11_Design/jet-hr2/catkin_ws/devel/share/gennodejs/ros/yesense_imu/msg/YesenseImuStatus.js)
Linked: (/media/keaton/KEATON/11_Design/jet-hr2/catkin_ws/devel/.private/yesense_imu/share/gennodejs/ros/yesense_imu/msg/YesenseImuUtcTime.js, /media/keaton/KEATON/11_Design/jet-hr2/catkin_ws/devel/share/gennodejs/ros/yesense_imu/msg/YesenseImuUtcTime.js)
Linked: (/media/keaton/KEATON/11_Design/jet-hr2/catkin_ws/devel/.private/yesense_imu/share/gennodejs/ros/yesense_imu/msg/_index.js, /media/keaton/KEATON/11_Design/jet-hr2/catkin_ws/devel/share/gennodejs/ros/yesense_imu/msg/_index.js)
Linked: (/media/keaton/KEATON/11_Design/jet-hr2/catkin_ws/devel/.private/yesense_imu/share/roseus/ros/yesense_imu/manifest.l, /media/keaton/KEATON/11_Design/jet-hr2/catkin_ws/devel/share/roseus/ros/yesense_imu/manifest.l)
Linked: (/media/keaton/KEATON/11_Design/jet-hr2/catkin_ws/devel/.private/yesense_imu/share/roseus/ros/yesense_imu/msg/YesenseImuAllData.l, /media/keaton/KEATON/11_Design/jet-hr2/catkin_ws/devel/share/roseus/ros/yesense_imu/msg/YesenseImuAllData.l)
Linked: (/media/keaton/KEATON/11_Design/jet-hr2/catkin_ws/devel/.private/yesense_imu/share/roseus/ros/yesense_imu/msg/YesenseImuCmdResp.l, /media/keaton/KEATON/11_Design/jet-hr2/catkin_ws/devel/share/roseus/ros/yesense_imu/msg/YesenseImuCmdResp.l)
Linked: (/media/keaton/KEATON/11_Design/jet-hr2/catkin_ws/devel/.private/yesense_imu/share/roseus/ros/yesense_imu/msg/YesenseImuEulerAngle.l, /media/keaton/KEATON/11_Design/jet-hr2/catkin_ws/devel/share/roseus/ros/yesense_imu/msg/YesenseImuEulerAngle.l)
Linked: (/media/keaton/KEATON/11_Design/jet-hr2/catkin_ws/devel/.private/yesense_imu/share/roseus/ros/yesense_imu/msg/YesenseImuGnssData.l, /media/keaton/KEATON/11_Design/jet-hr2/catkin_ws/devel/share/roseus/ros/yesense_imu/msg/YesenseImuGnssData.l)
Linked: (/media/keaton/KEATON/11_Design/jet-hr2/catkin_ws/devel/.private/yesense_imu/share/roseus/ros/yesense_imu/msg/YesenseImuGpsData.l, /media/keaton/KEATON/11_Design/jet-hr2/catkin_ws/devel/share/roseus/ros/yesense_imu/msg/YesenseImuGpsData.l)
Linked: (/media/keaton/KEATON/11_Design/jet-hr2/catkin_ws/devel/.private/yesense_imu/share/roseus/ros/yesense_imu/msg/YesenseImuLocation.l, /media/keaton/KEATON/11_Design/jet-hr2/catkin_ws/devel/share/roseus/ros/yesense_imu/msg/YesenseImuLocation.l)
Linked: (/media/keaton/KEATON/11_Design/jet-hr2/catkin_ws/devel/.private/yesense_imu/share/roseus/ros/yesense_imu/msg/YesenseImuMasterGnssData.l, /media/keaton/KEATON/11_Design/jet-hr2/catkin_ws/devel/share/roseus/ros/yesense_imu/msg/YesenseImuMasterGnssData.l)
Linked: (/media/keaton/KEATON/11_Design/jet-hr2/catkin_ws/devel/.private/yesense_imu/share/roseus/ros/yesense_imu/msg/YesenseImuQuaternion.l, /media/keaton/KEATON/11_Design/jet-hr2/catkin_ws/devel/share/roseus/ros/yesense_imu/msg/YesenseImuQuaternion.l)
Linked: (/media/keaton/KEATON/11_Design/jet-hr2/catkin_ws/devel/.private/yesense_imu/share/roseus/ros/yesense_imu/msg/YesenseImuSensorData.l, /media/keaton/KEATON/11_Design/jet-hr2/catkin_ws/devel/share/roseus/ros/yesense_imu/msg/YesenseImuSensorData.l)
Linked: (/media/keaton/KEATON/11_Design/jet-hr2/catkin_ws/devel/.private/yesense_imu/share/roseus/ros/yesense_imu/msg/YesenseIMUSetting.l, /media/keaton/KEATON/11_Design/jet-hr2/catkin_ws/devel/share/roseus/ros/yesense_imu/msg/YesenseIMUSetting.l)
Linked: (/media/keaton/KEATON/11_Design/jet-hr2/catkin_ws/devel/.private/yesense_imu/share/roseus/ros/yesense_imu/msg/YesenseImuSlaveGnssData.l, /media/keaton/KEATON/11_Design/jet-hr2/catkin_ws/devel/share/roseus/ros/yesense_imu/msg/YesenseImuSlaveGnssData.l)
Linked: (/media/keaton/KEATON/11_Design/jet-hr2/catkin_ws/devel/.private/yesense_imu/share/roseus/ros/yesense_imu/msg/YesenseImuStatus.l, /media/keaton/KEATON/11_Design/jet-hr2/catkin_ws/devel/share/roseus/ros/yesense_imu/msg/YesenseImuStatus.l)
Linked: (/media/keaton/KEATON/11_Design/jet-hr2/catkin_ws/devel/.private/yesense_imu/share/roseus/ros/yesense_imu/msg/YesenseImuUtcTime.l, /media/keaton/KEATON/11_Design/jet-hr2/catkin_ws/devel/share/roseus/ros/yesense_imu/msg/YesenseImuUtcTime.l)
Linked: (/media/keaton/KEATON/11_Design/jet-hr2/catkin_ws/devel/.private/yesense_imu/share/yesense_imu/cmake/yesense_imu-msg-extras.cmake, /media/keaton/KEATON/11_Design/jet-hr2/catkin_ws/devel/share/yesense_imu/cmake/yesense_imu-msg-extras.cmake)
Linked: (/media/keaton/KEATON/11_Design/jet-hr2/catkin_ws/devel/.private/yesense_imu/share/yesense_imu/cmake/yesense_imu-msg-paths.cmake, /media/keaton/KEATON/11_Design/jet-hr2/catkin_ws/devel/share/yesense_imu/cmake/yesense_imu-msg-paths.cmake)
Linked: (/media/keaton/KEATON/11_Design/jet-hr2/catkin_ws/devel/.private/yesense_imu/share/yesense_imu/cmake/yesense_imuConfig-version.cmake, /media/keaton/KEATON/11_Design/jet-hr2/catkin_ws/devel/share/yesense_imu/cmake/yesense_imuConfig-version.cmake)
Linked: (/media/keaton/KEATON/11_Design/jet-hr2/catkin_ws/devel/.private/yesense_imu/share/yesense_imu/cmake/yesense_imuConfig.cmake, /media/keaton/KEATON/11_Design/jet-hr2/catkin_ws/devel/share/yesense_imu/cmake/yesense_imuConfig.cmake)
Linked: (/media/keaton/KEATON/11_Design/jet-hr2/catkin_ws/devel/.private/yesense_imu/share/yesense_imu/docs/YesenseNodeConfig-usage.dox, /media/keaton/KEATON/11_Design/jet-hr2/catkin_ws/devel/share/yesense_imu/docs/YesenseNodeConfig-usage.dox)
Linked: (/media/keaton/KEATON/11_Design/jet-hr2/catkin_ws/devel/.private/yesense_imu/share/yesense_imu/docs/YesenseNodeConfig.dox, /media/keaton/KEATON/11_Design/jet-hr2/catkin_ws/devel/share/yesense_imu/docs/YesenseNodeConfig.dox)
Linked: (/media/keaton/KEATON/11_Design/jet-hr2/catkin_ws/devel/.private/yesense_imu/share/yesense_imu/docs/YesenseNodeConfig.wikidoc, /media/keaton/KEATON/11_Design/jet-hr2/catkin_ws/devel/share/yesense_imu/docs/YesenseNodeConfig.wikidoc)
